Log file open, 09/09/16 14:18:21
LogInit:Display: Running engine for game: CameraSplineTool
LogPlatformFile: Not using cached read wrapper
LogInit:Display: RandInit(-69909561) SRandInit(-69909558).
LogTaskGraph: Started task graph with 4 named threads and 7 total threads.
LogStats: Stats thread started at 0.070211
LogInit: Version: 4.11.2-2946394+++UE4+Release-4.11
LogInit: API Version: 2927265
LogInit: Compiled (64-bit): Apr 18 2016 02:18:46
LogInit: Compiled with Visual C++: 19.00.23026.00
LogInit: Build Configuration: Development
LogInit: Branch Name: ++UE4+Release-4.11
LogInit: Command line: 
LogInit: Base directory: F:/Epic Games/4.11/Engine/Binaries/Win64/
LogInit: Installed Engine Build: 1
LogInit: Using libcurl 7.41.0
LogInit:  - built for x86_64-pc-win32
LogInit:  - supports SSL with WinSSL
LogInit:  - other features:
LogInit:      CURL_VERSION_SSL
LogInit:      CURL_VERSION_IPV6
LogInit:      CURL_VERSION_ASYNCHDNS
LogInit:      CURL_VERSION_LARGEFILE
LogInit:      CURL_VERSION_IDN
LogInit:  CurlRequestOptions (configurable via config and command line):
LogInit:  - bVerifyPeer = true  - Libcurl will verify peer certificate
LogInit:  - bUseHttpProxy = false  - Libcurl will NOT use HTTP proxy
LogInit:  - bDontReuseConnections = false  - Libcurl will reuse connections
LogInit:  - CertBundlePath = nullptr  - Libcurl will use whatever was configured at build time.
LogInit: Presizing for max 16777216 objects, including 0 objects not considered by GC, pre-allocating 0 bytes for permanent pool.
LogInit: Object subsystem initialized
[2016.09.09-17.18.22:410][  0]LogInit: Selected Device Profile: [Windows]
[2016.09.09-17.18.22:421][  0]LogInit: Applying CVar settings loaded from the selected device profile: [Windows]
[2016.09.09-17.18.22:521][  0]LogInit: Computer: GPC
[2016.09.09-17.18.22:521][  0]LogInit: User: Gabriel
[2016.09.09-17.18.22:521][  0]LogInit: CPU Page size=65536, Cores=4
[2016.09.09-17.18.22:521][  0]LogInit: High frequency timer resolution =3.312791 MHz
[2016.09.09-17.18.22:523][  0]LogMemory: Memory total: Physical=15.9GB (16GB approx)
[2016.09.09-17.18.22:528][  0]LogMemory: Platform Memory Stats for Windows
[2016.09.09-17.18.22:528][  0]LogMemory: Process Physical Memory: 315.68 MB used, 315.68 MB peak
[2016.09.09-17.18.22:528][  0]LogMemory: Process Virtual Memory: 314.83 MB used, 314.83 MB peak
[2016.09.09-17.18.22:528][  0]LogMemory: Physical Memory: 12375.75 MB used, 16329.72 MB total
[2016.09.09-17.18.22:528][  0]LogMemory: Virtual Memory: 651.28 MB used, 134217728.00 MB total
[2016.09.09-17.18.24:807][  0]LogD3D11RHI: D3D11 adapters:
[2016.09.09-17.18.24:850][  0]LogD3D11RHI:    0. 'NVIDIA GeForce GTX 750 Ti' (Feature Level 11_0)
[2016.09.09-17.18.24:850][  0]LogD3D11RHI:       965MB of dedicated video memory, 0MB of dedicated system memory, and 3072MB of shared system memory, 2 output[s]
[2016.09.09-17.18.24:851][  0]LogD3D11RHI:    1. 'Microsoft Basic Render Driver' (Feature Level 11_0)
[2016.09.09-17.18.24:851][  0]LogD3D11RHI:       0MB of dedicated video memory, 0MB of dedicated system memory, and 256MB of shared system memory, 0 output[s]
[2016.09.09-17.18.24:851][  0]LogD3D11RHI: Chosen D3D11 Adapter: 0
[2016.09.09-17.18.24:873][  0]LogD3D11RHI: Creating new Direct3DDevice
[2016.09.09-17.18.24:873][  0]LogD3D11RHI:     Adapter Name: NVIDIA GeForce GTX 750 Ti
[2016.09.09-17.18.24:873][  0]LogD3D11RHI:   Driver Version: 21.21.13.7254 (internal 21.21.13.7254)
[2016.09.09-17.18.24:874][  0]LogD3D11RHI:      Driver Date: 8-11-2016
[2016.09.09-17.18.24:874][  0]LogRHI: Texture pool is 675 MB (70% of 965 MB)
[2016.09.09-17.18.24:888][  0]LogD3D11RHI: Async texture creation enabled
[2016.09.09-17.18.25:185][  0]LogShaderCompilers: Guid format shader working directory is -15 characters bigger than the processId version (../../../../../UnrealProjects/TemporaryProjects/CameraSplineTool/Intermediate/Shaders/WorkingDirectory/872/).
[2016.09.09-17.18.25:185][  0]LogShaderCompilers: Cleaned the shader compiler working directory 'C:/Users/Gabriel/AppData/Local/Temp/UnrealShaderWorkingDir/63CB42A145AEA73C5B377FA8228E18B1/'.
[2016.09.09-17.18.25:186][  0]LogShaderCompilers:Display: Using Local Shader Compiler.
[2016.09.09-17.18.31:391][  0]LogTemp:Display: Loaded TP AllDesktopTargetPlatform
[2016.09.09-17.18.31:395][  0]LogTemp:Display: Loaded TP WindowsClientTargetPlatform
[2016.09.09-17.18.31:399][  0]LogTemp:Display: Loaded TP WindowsNoEditorTargetPlatform
[2016.09.09-17.18.31:404][  0]LogTemp:Display: Loaded TP WindowsServerTargetPlatform
[2016.09.09-17.18.31:937][  0]LogTemp:Display: Loaded TP WindowsTargetPlatform
[2016.09.09-17.18.32:422][  0]LogTemp:Display: Loaded TP AndroidTargetPlatform
[2016.09.09-17.18.32:434][  0]LogTemp:Display: Loaded TP Android_ASTCTargetPlatform
[2016.09.09-17.18.32:438][  0]LogTemp:Display: Loaded TP Android_ATCTargetPlatform
[2016.09.09-17.18.32:441][  0]LogTemp:Display: Loaded TP Android_DXTTargetPlatform
[2016.09.09-17.18.32:444][  0]LogTemp:Display: Loaded TP Android_ETC1TargetPlatform
[2016.09.09-17.18.32:447][  0]LogTemp:Display: Loaded TP Android_ETC2TargetPlatform
[2016.09.09-17.18.32:453][  0]LogTemp:Display: Loaded TP Android_MultiTargetPlatform
[2016.09.09-17.18.32:453][  0]LogTemp:Display: Loaded TP Android_PVRTCTargetPlatform
[2016.09.09-17.18.32:455][  0]LogTemp:Display: Loaded TP HTML5TargetPlatform
[2016.09.09-17.18.32:557][  0]LogTemp:Display: Loaded TP IOSTargetPlatform
[2016.09.09-17.18.32:560][  0]LogTemp:Display: Loaded TP TVOSTargetPlatform
[2016.09.09-17.18.32:562][  0]LogTemp:Display: Loaded TP LinuxNoEditorTargetPlatform
[2016.09.09-17.18.32:574][  0]LogTemp:Display: Loaded TP LinuxServerTargetPlatform
[2016.09.09-17.18.32:588][  0]LogTemp:Display: Loaded TP LinuxTargetPlatform
[2016.09.09-17.18.32:588][  0]LogTargetPlatformManager:Display: Building Assets For Windows
[2016.09.09-17.18.33:803][  0]LogDerivedDataCache:Display: Max Cache Size: 512 MB
[2016.09.09-17.18.34:065][  0]LogDerivedDataCache: Loaded boot cache 0.26s 46MB C:/Users/Gabriel/AppData/Local/UnrealEngine/4.11/DerivedDataCache/Boot.ddc.
[2016.09.09-17.18.34:065][  0]LogDerivedDataCache:Display: Loaded Boot cache: C:/Users/Gabriel/AppData/Local/UnrealEngine/4.11/DerivedDataCache/Boot.ddc
[2016.09.09-17.18.34:065][  0]LogDerivedDataCache: FDerivedDataBackendGraph:  Pak pak cache file ../../../../../UnrealProjects/TemporaryProjects/CameraSplineTool/DerivedDataCache/DDC.ddp not found, will not use a pak cache.
[2016.09.09-17.18.34:065][  0]LogDerivedDataCache: Unable to find inner node Pak for hierarchical cache Hierarchy.
[2016.09.09-17.18.34:065][  0]LogDerivedDataCache: FDerivedDataBackendGraph:  CompressedPak pak cache file ../../../../../UnrealProjects/TemporaryProjects/CameraSplineTool/DerivedDataCache/Compressed.ddp not found, will not use a pak cache.
[2016.09.09-17.18.34:065][  0]LogDerivedDataCache: Unable to find inner node CompressedPak for hierarchical cache Hierarchy.
[2016.09.09-17.18.34:148][  0]LogDerivedDataCache:Display: Pak cache opened for reading ../../../Engine/DerivedDataCache/Compressed.ddp.
[2016.09.09-17.18.34:160][  0]LogDerivedDataCache: Using Local data cache path C:/Users/Gabriel/AppData/Local/UnrealEngine/Common/DerivedDataCache: Writable
[2016.09.09-17.18.53:791][  0]LogInit: Selected Device Profile: [Windows]
[2016.09.09-17.18.53:817][  0]LogContentStreaming: Texture pool size is 0.00 MB
[2016.09.09-17.18.55:688][  0]LogMaterial: Uniform references updated for custom material expression Custom.
[2016.09.09-17.18.57:395][  0]LogMeshUtilities: No automatic mesh reduction module available
[2016.09.09-17.18.57:395][  0]LogMeshUtilities: No automatic mesh merging module available
[2016.09.09-17.18.57:395][  0]LogMeshUtilities: No distributed automatic mesh merging module available
[2016.09.09-17.19.02:435][  0]LogUObjectArray: 27679 objects as part of root set at end of initial load.
[2016.09.09-17.19.02:435][  0]LogUObjectAllocator: 5591592 out of 0 bytes used by permanent object pool.
[2016.09.09-17.19.02:435][  0]LogUObjectArray: CloseDisregardForGC: 0/0 objects in disregard for GC pool
[2016.09.09-17.19.02:454][  0]LogInit: WinSock: version 1.1 (2.2), MaxSocks=32767, MaxUdp=65467
[2016.09.09-17.19.05:590][  0]LogSlate: SlateFontCache - WITH_FREETYPE: 1, WITH_HARFBUZZ: 1
[2016.09.09-17.19.05:595][  0]LogSlate: SlateFontCache - WITH_FREETYPE: 1, WITH_HARFBUZZ: 1
[2016.09.09-17.19.09:466][  0]LogStreaming:Warning: Failed to read file '../../../Engine/Content/Editor/Slate/Common/Selection_16x.png' error.
[2016.09.09-17.19.09:466][  0]LogSlate: Could not find file for Slate resource: ../../../Engine/Content/Editor/Slate/Common/Selection_16x.png
[2016.09.09-17.19.09:466][  0]LogStreaming:Warning: Failed to read file '../../../Engine/Content/Editor/Slate/Common/Selection_16x.png' error.
[2016.09.09-17.19.09:466][  0]LogSlate: Could not find file for Slate resource: ../../../Engine/Content/Editor/Slate/Common/Selection_16x.png
[2016.09.09-17.19.09:466][  0]LogStreaming:Warning: Failed to read file '../../../Engine/Content/Editor/Slate/Common/Selection_16x.png' error.
[2016.09.09-17.19.09:466][  0]LogSlate: Could not find file for Slate resource: ../../../Engine/Content/Editor/Slate/Common/Selection_16x.png
[2016.09.09-17.19.17:283][  0]LogGameAnalyticsAnalytics:Display: FAnalyticsGameAnalytics Constructor
[2016.09.09-17.19.17:637][  0]LogSubstanceCoreModule: Substance CPU Engine Loaded, Max Texture Size 2048
[2016.09.09-17.19.17:870][  0]LogUdpMessaging: Initializing bridge on interface 0.0.0.0:0 to multicast group 230.0.0.1:6666.
[2016.09.09-17.19.19:640][  0]LogAssetRegistry: FAssetRegistry took 0.0912 seconds to start up
[2016.09.09-17.19.23:189][  0]SourceControl: Info Source control is disabled
[2016.09.09-17.19.23:233][  0]SourceControl: Info Source control is disabled
[2016.09.09-17.19.23:385][  0]SourceControl: Info Source control is disabled
[2016.09.09-17.19.23:494][  0]SourceControl: Info Source control is disabled
[2016.09.09-17.19.24:217][  0]SkunkLog_FixItNote: -----AFixItNote::AFixItNote - Creating a new FixIt note
[2016.09.09-17.19.24:226][  0]SkunkLog_FixItNote: -----AFixItNote::Update
[2016.09.09-17.19.24:281][  0]SkunkLog_FixItNote: -----FixItPlugin::StartupModule
[2016.09.09-17.19.24:499][  0]LogStreaming:Warning: Failed to read file '../../../Engine/Content/Editor/Slate/Common/Selection_16x.png' error.
[2016.09.09-17.19.24:499][  0]LogSlate: Could not find file for Slate resource: ../../../Engine/Content/Editor/Slate/Common/Selection_16x.png
[2016.09.09-17.19.24:500][  0]LogStreaming:Warning: Failed to read file '../../../Engine/Content/Editor/Slate/Common/Selection_16x.png' error.
[2016.09.09-17.19.24:500][  0]LogSlate: Could not find file for Slate resource: ../../../Engine/Content/Editor/Slate/Common/Selection_16x.png
[2016.09.09-17.19.24:500][  0]LogStreaming:Warning: Failed to read file '../../../Engine/Content/Editor/Slate/Common/Selection_16x.png' error.
[2016.09.09-17.19.24:500][  0]LogSlate: Could not find file for Slate resource: ../../../Engine/Content/Editor/Slate/Common/Selection_16x.png
[2016.09.09-17.19.24:943][  0]SkunkLog_FixItNote: -----FixItPlugin::RegisterEdModeUsingFactory
[2016.09.09-17.19.24:944][  0]SkunkLog_FixItNote: -----FixItPlugin::AddEditorModeExtension
[2016.09.09-17.19.25:165][  0]LogStreaming:Warning: Failed to read file '../../../Engine/Plugins/Marketplace/KantanCharts/Content/Style/editor/icon_umg_kantanpiechart_16x.png' error.
[2016.09.09-17.19.25:165][  0]LogSlate: Could not find file for Slate resource: ../../../Engine/Plugins/Marketplace/KantanCharts/Content/Style/editor/icon_umg_kantanpiechart_16x.png
[2016.09.09-17.19.25:552][  0]LogLinker:Warning: Asset '../../../Engine/Plugins/Marketplace/KantanCharts/Content/Style/SeriesStyles/PointStyles/PS_X.uasset' has been saved with empty engine version. The asset will be loaded but may be incompatible.
[2016.09.09-17.19.26:196][  0]LogHMD: Failed to initialize OpenVR with code 110
[2016.09.09-17.19.26:842][  0]LogEngine: Initializing Engine...
[2016.09.09-17.19.27:797][  0]LogAIModule: Creating AISystem for world NewWorld
[2016.09.09-17.19.27:989][  0]LogInit: XAudio2 using 'Speakers (6- USB Advanced Audio Device)' : 2 channels at 44.1 kHz using 16 bits per sample (channel mask 0x3)
[2016.09.09-17.19.27:999][  0]LogInit: FAudioDevice initialized.
[2016.09.09-17.19.28:023][  0]LogDerivedDataCache: Saved boot cache 0.02s 46MB C:/Users/Gabriel/AppData/Local/UnrealEngine/4.11/DerivedDataCache/Boot.ddc.
[2016.09.09-17.19.28:065][  0]LogInit: Texture streaming: Enabled
[2016.09.09-17.19.28:282][  0]LogInit: Transaction tracking system initialized
[2016.09.09-17.19.28:597][  0]BlueprintLog: New page: Editor Load
[2016.09.09-17.19.29:861][  0]LocalizationService: Info Localization service is disabled
[2016.09.09-17.19.30:620][  0]LogConsoleResponse:Display: 
[2016.09.09-17.19.31:386][  0]LogFileCache: Scanning file cache for directory 'F:/UnrealProjects/TemporaryProjects/CameraSplineTool/Content/' took 0.02s
[2016.09.09-17.19.31:386][  0]LogCook:Display: Max memory allowance for cook 8192mb
[2016.09.09-17.19.31:386][  0]LogCook:Display: Mobile HDR setting 1
[2016.09.09-17.19.31:389][  0]LogCook:Display: Done creating registry. It took  0.00s.
[2016.09.09-17.19.32:287][  0]SourceControl: Info Source control is disabled
[2016.09.09-17.19.32:358][  0]Cmd: MAP LOAD FILE="../../../../../UnrealProjects/TemporaryProjects/CameraSplineTool/Content/SplineTest/Maps/ExhibitionMap.umap" TEMPLATE=0 SHOWPROGRESS=1 FEATURELEVEL=3
[2016.09.09-17.19.32:555][  0]LogWindowsTextInputMethodSystem:Display: IME system now deactivated.
[2016.09.09-17.19.34:642][  0]LogWindowsTextInputMethodSystem:Display: IME system now deactivated.
[2016.09.09-17.19.34:650][  0]LogWindowsTextInputMethodSystem:Display: IME system now deactivated.
[2016.09.09-17.19.34:770][  0]LightingResults: New page: Lighting Build
[2016.09.09-17.19.34:893][  0]MapCheck: New page: Map Check
[2016.09.09-17.19.34:893][  0]LightingResults: New page: Lighting Build
[2016.09.09-17.19.35:186][  0]LogAIModule: Creating AISystem for world NewWorld
[2016.09.09-17.19.35:226][  0]SkunkLog_FixItNote: -----FFixItEditorModeFactory::OnSelectionChanged
[2016.09.09-17.19.35:284][  0]LoadErrors: New page: New Map
[2016.09.09-17.19.36:289][  0]SkunkLog_FixItNote: -----FFixItEditorModeFactory::GetModeInfo
[2016.09.09-17.19.36:289][  0]SkunkLog_FixItNote: -----FFixItEdMode::StartupHook
[2016.09.09-17.19.36:290][  0]SkunkLog_FixItNote: -----FFixItEdMode::StartupHook - First time
[2016.09.09-17.19.36:299][  0]SkunkLog_FixItNote: -----FFixItEdMode::LoadFromXMLFile XML file not found: ../../../../../UnrealProjects/TemporaryProjects/CameraSplineTool/Plugins/Fixit/Data/FixItNotes.Untitled.xml
[2016.09.09-17.19.36:319][  0]SkunkLog_FixItNote: -----FFixItEditorModeFactory::GetModeInfo
[2016.09.09-17.19.36:319][  0]SkunkLog_FixItNote: -----FFixItEdMode::StartupHook
[2016.09.09-17.19.36:842][  0]LogCollectionManager: Loaded 0 collections in 0.002048 seconds
[2016.09.09-17.19.37:136][  0]LogFileCache: Scanning file cache for directory 'F:/UnrealProjects/TemporaryProjects/CameraSplineTool/Saved/Collections/' took 0.01s
[2016.09.09-17.19.37:136][  0]LogFileCache: Scanning file cache for directory 'F:/UnrealProjects/TemporaryProjects/CameraSplineTool/Content/Developers/Gabriel/Collections/' took 0.01s
[2016.09.09-17.19.37:136][  0]LogFileCache: Scanning file cache for directory 'F:/UnrealProjects/TemporaryProjects/CameraSplineTool/Content/Collections/' took 0.01s
[2016.09.09-17.19.37:136][  0]LogCollectionManager: Rebuilt the GUID cache for 0 collections in 0.000010 seconds
[2016.09.09-17.19.37:149][  0]LogContentBrowser: Native class hierarchy populated in 0.0120 seconds. Added 2054 classes and 389 folders.
[2016.09.09-17.19.37:225][  0]LogStats: UGameplayTagsManager::ConstructGameplayTagTree: Construct from data asset -  0.000 s
[2016.09.09-17.19.37:226][  0]LogStats: UGameplayTagsManager::ConstructGameplayTagTree: GameplayTagTreeChangedEvent.Broadcast -  0.000 s
[2016.09.09-17.19.37:227][  0]LogContentBrowser: Native class hierarchy updated for 'GameplayTags' in 0.0005 seconds. Added 12 classes and 0 folders.
[2016.09.09-17.19.37:2